2023-10-04 21:39:45 [main] INFO  c.d.pej.back.SpringBackApplication -   - Starting SpringBackApplication using Java 20.0.2 on WKWZTX3fhTCjGXi with PID 11956 (C:\Users\resr\Downloads\springblog-mainn\springblog\springback\build\libs\spring-back.jar started by resr in C:\Users\resr\Downloads\springblog-mainn\springblog\springback\build\libs)
2023-10-04 21:39:45 [main] INFO  c.d.pej.back.SpringBackApplication -   - No active profile set, falling back to default profiles: default
2023-10-04 21:39:50 [main] INFO  o.s.b.w.e.tomcat.TomcatWebServer -   - Tomcat initialized with port(s): 8088 (http)
2023-10-04 21:39:50 [main] INFO  o.a.catalina.core.StandardService -   - Starting service [Tomcat]
2023-10-04 21:39:50 [main] INFO  o.a.catalina.core.StandardEngine -   - Starting Servlet engine: [Apache Tomcat/9.0.55]
2023-10-04 21:39:50 [main] INFO  o.a.c.c.C.[Tomcat].[localhost].[/] -   - Initializing Spring embedded WebApplicationContext
2023-10-04 21:39:50 [main] INFO  o.s.b.w.s.c.ServletWebServerApplicationContext -   - Root WebApplicationContext: initialization completed in 4968 ms
2023-10-04 21:39:52 [main] WARN  o.s.b.w.s.c.AnnotationConfigServletWebServerApplicationContext -   - Exception encountered during context initialization - cancelling refresh attempt: org.springframework.context.ApplicationContextException: Failed to start bean 'webServerStartStop'; nested exception is org.springframework.boot.web.server.PortInUseException: Port 8088 is already in use
2023-10-04 21:39:52 [main] INFO  o.a.catalina.core.StandardService -   - Stopping service [Tomcat]
2023-10-04 21:39:52 [main] INFO  o.s.b.a.l.ConditionEvaluationReportLoggingListener -   - 

Error starting ApplicationContext. To display the conditions report re-run your application with 'debug' enabled.
2023-10-04 21:39:52 [main] ERROR o.s.b.d.LoggingFailureAnalysisReporter -   - 

***************************
APPLICATION FAILED TO START
***************************

Description:

Web server failed to start. Port 8088 was already in use.

Action:

Identify and stop the process that's listening on port 8088 or configure this application to listen on another port.

2023-10-04 21:40:19 [main] INFO  c.d.pej.back.SpringBackApplication -   - Starting SpringBackApplication using Java 20.0.2 on WKWZTX3fhTCjGXi with PID 25768 (C:\Users\resr\Downloads\springblog-mainn\springblog\springback\build\libs\spring-back.jar started by resr in C:\Users\resr\Downloads\springblog-mainn\springblog\springback\build\libs)
2023-10-04 21:40:19 [main] INFO  c.d.pej.back.SpringBackApplication -   - No active profile set, falling back to default profiles: default
2023-10-04 21:40:24 [main] INFO  o.s.b.w.e.tomcat.TomcatWebServer -   - Tomcat initialized with port(s): 8088 (http)
2023-10-04 21:40:24 [main] INFO  o.a.catalina.core.StandardService -   - Starting service [Tomcat]
2023-10-04 21:40:24 [main] INFO  o.a.catalina.core.StandardEngine -   - Starting Servlet engine: [Apache Tomcat/9.0.55]
2023-10-04 21:40:24 [main] INFO  o.a.c.c.C.[Tomcat].[localhost].[/] -   - Initializing Spring embedded WebApplicationContext
2023-10-04 21:40:24 [main] INFO  o.s.b.w.s.c.ServletWebServerApplicationContext -   - Root WebApplicationContext: initialization completed in 4996 ms
2023-10-04 21:40:26 [main] INFO  o.s.b.w.e.tomcat.TomcatWebServer -   - Tomcat started on port(s): 8088 (http) with context path ''
2023-10-04 21:40:26 [main] INFO  c.d.pej.back.SpringBackApplication -   - Started SpringBackApplication in 9.12 seconds (JVM running for 10.703)
2023-10-04 21:40:26 [main] INFO  c.d.pej.back.SpringBackApplication -   - test
2023-10-05 10:18:06 [main] INFO  c.d.pej.back.SpringBackApplication -   - Starting SpringBackApplication using Java 20.0.2 on WKWZTX3fhTCjGXi with PID 16140 (C:\Users\resr\Downloads\springblog-mainn\springblog\springback\build\libs\spring-back.jar started by resr in C:\Users\resr\Downloads\springblog-mainn\springblog\springback\build\libs)
2023-10-05 10:18:06 [main] INFO  c.d.pej.back.SpringBackApplication -   - No active profile set, falling back to default profiles: default
2023-10-05 10:18:07 [main] INFO  o.s.b.w.e.tomcat.TomcatWebServer -   - Tomcat initialized with port(s): 8088 (http)
2023-10-05 10:18:07 [main] INFO  o.a.catalina.core.StandardService -   - Starting service [Tomcat]
2023-10-05 10:18:07 [main] INFO  o.a.catalina.core.StandardEngine -   - Starting Servlet engine: [Apache Tomcat/9.0.55]
2023-10-05 10:18:07 [main] INFO  o.a.c.c.C.[Tomcat].[localhost].[/] -   - Initializing Spring embedded WebApplicationContext
2023-10-05 10:18:07 [main] INFO  o.s.b.w.s.c.ServletWebServerApplicationContext -   - Root WebApplicationContext: initialization completed in 1523 ms
2023-10-05 10:18:08 [main] WARN  o.s.b.w.s.c.AnnotationConfigServletWebServerApplicationContext -   - Exception encountered during context initialization - cancelling refresh attempt: org.springframework.context.ApplicationContextException: Failed to start bean 'webServerStartStop'; nested exception is org.springframework.boot.web.server.PortInUseException: Port 8088 is already in use
2023-10-05 10:18:08 [main] INFO  o.a.catalina.core.StandardService -   - Stopping service [Tomcat]
2023-10-05 10:18:08 [main] INFO  o.s.b.a.l.ConditionEvaluationReportLoggingListener -   - 

Error starting ApplicationContext. To display the conditions report re-run your application with 'debug' enabled.
2023-10-05 10:18:08 [main] ERROR o.s.b.d.LoggingFailureAnalysisReporter -   - 

***************************
APPLICATION FAILED TO START
***************************

Description:

Web server failed to start. Port 8088 was already in use.

Action:

Identify and stop the process that's listening on port 8088 or configure this application to listen on another port.

2023-10-05 10:19:10 [main] INFO  c.d.pej.back.SpringBackApplication -   - Starting SpringBackApplication using Java 20.0.2 on WKWZTX3fhTCjGXi with PID 6892 (C:\Users\resr\Downloads\springblog-mainn\springblog\springback\build\libs\spring-back.jar started by resr in C:\Users\resr\Downloads\springblog-mainn\springblog\springback\build\libs)
2023-10-05 10:19:10 [main] INFO  c.d.pej.back.SpringBackApplication -   - No active profile set, falling back to default profiles: default
2023-10-05 10:19:11 [main] INFO  o.s.b.w.e.tomcat.TomcatWebServer -   - Tomcat initialized with port(s): 8088 (http)
2023-10-05 10:19:11 [main] INFO  o.a.catalina.core.StandardService -   - Starting service [Tomcat]
2023-10-05 10:19:11 [main] INFO  o.a.catalina.core.StandardEngine -   - Starting Servlet engine: [Apache Tomcat/9.0.55]
2023-10-05 10:19:11 [main] INFO  o.a.c.c.C.[Tomcat].[localhost].[/] -   - Initializing Spring embedded WebApplicationContext
2023-10-05 10:19:11 [main] INFO  o.s.b.w.s.c.ServletWebServerApplicationContext -   - Root WebApplicationContext: initialization completed in 1529 ms
2023-10-05 10:19:12 [main] WARN  o.s.b.w.s.c.AnnotationConfigServletWebServerApplicationContext -   - Exception encountered during context initialization - cancelling refresh attempt: org.springframework.context.ApplicationContextException: Failed to start bean 'webServerStartStop'; nested exception is org.springframework.boot.web.server.PortInUseException: Port 8088 is already in use
2023-10-05 10:19:12 [main] INFO  o.a.catalina.core.StandardService -   - Stopping service [Tomcat]
2023-10-05 10:19:12 [main] INFO  o.s.b.a.l.ConditionEvaluationReportLoggingListener -   - 

Error starting ApplicationContext. To display the conditions report re-run your application with 'debug' enabled.
2023-10-05 10:19:12 [main] ERROR o.s.b.d.LoggingFailureAnalysisReporter -   - 

***************************
APPLICATION FAILED TO START
***************************

Description:

Web server failed to start. Port 8088 was already in use.

Action:

Identify and stop the process that's listening on port 8088 or configure this application to listen on another port.

2023-10-05 10:20:21 [main] INFO  c.d.pej.back.SpringBackApplication -   - Starting SpringBackApplication using Java 20.0.2 on WKWZTX3fhTCjGXi with PID 23044 (C:\Users\resr\Downloads\springblog-mainn\springblog\springback\build\libs\spring-back.jar started by resr in C:\Users\resr\Downloads\springblog-mainn\springblog\springback\build\libs)
2023-10-05 10:20:21 [main] INFO  c.d.pej.back.SpringBackApplication -   - No active profile set, falling back to default profiles: default
2023-10-05 10:20:23 [main] INFO  o.s.b.w.e.tomcat.TomcatWebServer -   - Tomcat initialized with port(s): 8088 (http)
2023-10-05 10:20:23 [main] INFO  o.a.catalina.core.StandardService -   - Starting service [Tomcat]
2023-10-05 10:20:23 [main] INFO  o.a.catalina.core.StandardEngine -   - Starting Servlet engine: [Apache Tomcat/9.0.55]
2023-10-05 10:20:23 [main] INFO  o.a.c.c.C.[Tomcat].[localhost].[/] -   - Initializing Spring embedded WebApplicationContext
2023-10-05 10:20:23 [main] INFO  o.s.b.w.s.c.ServletWebServerApplicationContext -   - Root WebApplicationContext: initialization completed in 1702 ms
2023-10-05 10:20:24 [main] INFO  o.s.b.w.e.tomcat.TomcatWebServer -   - Tomcat started on port(s): 8088 (http) with context path ''
2023-10-05 10:20:24 [main] INFO  c.d.pej.back.SpringBackApplication -   - Started SpringBackApplication in 3.294 seconds (JVM running for 3.882)
2023-10-05 10:20:24 [main] INFO  c.d.pej.back.SpringBackApplication -   - test
